{"/home/krisgagne/UMass Global/Biztime/express-biztime/app.js": {"path":"/home/krisgagne/UMass Global/Biztime/express-biztime/app.js","statementMap":{"0":{"start":{"line":4,"column":16},"end":{"line":4,"column":34}},"1":{"start":{"line":6,"column":12},"end":{"line":6,"column":21}},"2":{"start":{"line":7,"column":21},"end":{"line":7,"column":46}},"3":{"start":{"line":10,"column":0},"end":{"line":10,"column":24}},"4":{"start":{"line":14,"column":16},"end":{"line":14,"column":45}},"5":{"start":{"line":15,"column":16},"end":{"line":15,"column":44}},"6":{"start":{"line":16,"column":0},"end":{"line":16,"column":30}},"7":{"start":{"line":17,"column":0},"end":{"line":17,"column":29}},"8":{"start":{"line":21,"column":0},"end":{"line":24,"column":3}},"9":{"start":{"line":22,"column":14},"end":{"line":22,"column":48}},"10":{"start":{"line":23,"column":2},"end":{"line":23,"column":19}},"11":{"start":{"line":28,"column":0},"end":{"line":35,"column":3}},"12":{"start":{"line":29,"column":2},"end":{"line":29,"column":32}},"13":{"start":{"line":31,"column":2},"end":{"line":34,"column":5}},"14":{"start":{"line":38,"column":0},"end":{"line":38,"column":21}}},"fnMap":{"0":{"name":"(anonymous_0)","decl":{"start":{"line":21,"column":8},"end":{"line":21,"column":9}},"loc":{"start":{"line":21,"column":33},"end":{"line":24,"column":1}},"line":21},"1":{"name":"(anonymous_1)","decl":{"start":{"line":28,"column":8},"end":{"line":28,"column":9}},"loc":{"start":{"line":28,"column":33},"end":{"line":35,"column":1}},"line":28}},"branchMap":{"0":{"loc":{"start":{"line":29,"column":13},"end":{"line":29,"column":30}},"type":"binary-expr","locations":[{"start":{"line":29,"column":13},"end":{"line":29,"column":23}},{"start":{"line":29,"column":27},"end":{"line":29,"column":30}}],"line":29}},"s":{"0":1,"1":1,"2":1,"3":1,"4":1,"5":1,"6":1,"7":1,"8":1,"9":0,"10":0,"11":1,"12":2,"13":2,"14":1},"f":{"0":0,"1":2},"b":{"0":[2,0]},"_coverageSchema":"1a1c01bbd47fc00a2c39e90264f33305004495a9","hash":"f19d9a8beb919a25860bf55b7521d59c43ce32fc"}
,"/home/krisgagne/UMass Global/Biztime/express-biztime/db.js": {"path":"/home/krisgagne/UMass Global/Biztime/express-biztime/db.js","statementMap":{"0":{"start":{"line":3,"column":19},"end":{"line":3,"column":32}},"1":{"start":{"line":6,"column":0},"end":{"line":10,"column":1}},"2":{"start":{"line":7,"column":4},"end":{"line":7,"column":41}},"3":{"start":{"line":9,"column":4},"end":{"line":9,"column":37}},"4":{"start":{"line":12,"column":9},"end":{"line":14,"column":2}},"5":{"start":{"line":16,"column":0},"end":{"line":16,"column":13}},"6":{"start":{"line":18,"column":0},"end":{"line":18,"column":20}}},"fnMap":{},"branchMap":{"0":{"loc":{"start":{"line":6,"column":0},"end":{"line":10,"column":1}},"type":"if","locations":[{"start":{"line":6,"column":0},"end":{"line":10,"column":1}},{"start":{"line":8,"column":7},"end":{"line":10,"column":1}}],"line":6}},"s":{"0":1,"1":1,"2":1,"3":0,"4":1,"5":1,"6":1},"f":{},"b":{"0":[1,0]},"_coverageSchema":"1a1c01bbd47fc00a2c39e90264f33305004495a9","hash":"8518c5fb23187eefeb4457b56a0d969ca915ffe0"}
,"/home/krisgagne/UMass Global/Biztime/express-biztime/expressError.js": {"path":"/home/krisgagne/UMass Global/Biztime/express-biztime/expressError.js","statementMap":{"0":{"start":{"line":9,"column":4},"end":{"line":9,"column":12}},"1":{"start":{"line":10,"column":4},"end":{"line":10,"column":27}},"2":{"start":{"line":11,"column":4},"end":{"line":11,"column":25}},"3":{"start":{"line":12,"column":4},"end":{"line":12,"column":30}},"4":{"start":{"line":17,"column":0},"end":{"line":17,"column":30}}},"fnMap":{"0":{"name":"(anonymous_0)","decl":{"start":{"line":8,"column":2},"end":{"line":8,"column":3}},"loc":{"start":{"line":8,"column":31},"end":{"line":13,"column":3}},"line":8}},"branchMap":{},"s":{"0":2,"1":2,"2":2,"3":2,"4":1},"f":{"0":2},"b":{},"_coverageSchema":"1a1c01bbd47fc00a2c39e90264f33305004495a9","hash":"0ab65ef6cf8bc8b283686d49fb0d0edf95e11688"}
,"/home/krisgagne/UMass Global/Biztime/express-biztime/routes/companies.js": {"path":"/home/krisgagne/UMass Global/Biztime/express-biztime/routes/companies.js","statementMap":{"0":{"start":{"line":1,"column":16},"end":{"line":1,"column":34}},"1":{"start":{"line":2,"column":15},"end":{"line":2,"column":31}},"2":{"start":{"line":3,"column":11},"end":{"line":3,"column":27}},"3":{"start":{"line":4,"column":21},"end":{"line":4,"column":47}},"4":{"start":{"line":8,"column":0},"end":{"line":15,"column":3}},"5":{"start":{"line":9,"column":4},"end":{"line":14,"column":5}},"6":{"start":{"line":10,"column":24},"end":{"line":10,"column":74}},"7":{"start":{"line":11,"column":8},"end":{"line":11,"column":51}},"8":{"start":{"line":13,"column":8},"end":{"line":13,"column":23}},"9":{"start":{"line":18,"column":0},"end":{"line":35,"column":3}},"10":{"start":{"line":19,"column":4},"end":{"line":34,"column":5}},"11":{"start":{"line":20,"column":21},"end":{"line":20,"column":36}},"12":{"start":{"line":21,"column":31},"end":{"line":24,"column":15}},"13":{"start":{"line":25,"column":31},"end":{"line":25,"column":98}},"14":{"start":{"line":26,"column":8},"end":{"line":28,"column":9}},"15":{"start":{"line":27,"column":12},"end":{"line":27,"column":82}},"16":{"start":{"line":29,"column":24},"end":{"line":29,"column":46}},"17":{"start":{"line":30,"column":8},"end":{"line":30,"column":47}},"18":{"start":{"line":31,"column":8},"end":{"line":31,"column":43}},"19":{"start":{"line":33,"column":8},"end":{"line":33,"column":22}},"20":{"start":{"line":38,"column":0},"end":{"line":50,"column":3}},"21":{"start":{"line":39,"column":4},"end":{"line":49,"column":5}},"22":{"start":{"line":40,"column":43},"end":{"line":40,"column":51}},"23":{"start":{"line":41,"column":24},"end":{"line":45,"column":34}},"24":{"start":{"line":46,"column":8},"end":{"line":46,"column":63}},"25":{"start":{"line":48,"column":8},"end":{"line":48,"column":23}},"26":{"start":{"line":53,"column":0},"end":{"line":69,"column":2}},"27":{"start":{"line":54,"column":4},"end":{"line":68,"column":5}},"28":{"start":{"line":55,"column":25},"end":{"line":55,"column":35}},"29":{"start":{"line":56,"column":37},"end":{"line":56,"column":45}},"30":{"start":{"line":57,"column":24},"end":{"line":61,"column":34}},"31":{"start":{"line":62,"column":8},"end":{"line":64,"column":9}},"32":{"start":{"line":63,"column":12},"end":{"line":63,"column":84}},"33":{"start":{"line":65,"column":8},"end":{"line":65,"column":51}},"34":{"start":{"line":67,"column":8},"end":{"line":67,"column":23}},"35":{"start":{"line":72,"column":0},"end":{"line":83,"column":2}},"36":{"start":{"line":73,"column":4},"end":{"line":82,"column":5}},"37":{"start":{"line":74,"column":25},"end":{"line":74,"column":35}},"38":{"start":{"line":75,"column":24},"end":{"line":75,"column":100}},"39":{"start":{"line":76,"column":8},"end":{"line":78,"column":9}},"40":{"start":{"line":77,"column":12},"end":{"line":77,"column":83}},"41":{"start":{"line":79,"column":8},"end":{"line":79,"column":46}},"42":{"start":{"line":81,"column":8},"end":{"line":81,"column":23}},"43":{"start":{"line":86,"column":0},"end":{"line":86,"column":24}}},"fnMap":{"0":{"name":"(anonymous_0)","decl":{"start":{"line":8,"column":16},"end":{"line":8,"column":17}},"loc":{"start":{"line":8,"column":42},"end":{"line":15,"column":1}},"line":8},"1":{"name":"(anonymous_1)","decl":{"start":{"line":18,"column":21},"end":{"line":18,"column":22}},"loc":{"start":{"line":18,"column":47},"end":{"line":35,"column":1}},"line":18},"2":{"name":"(anonymous_2)","decl":{"start":{"line":38,"column":17},"end":{"line":38,"column":18}},"loc":{"start":{"line":38,"column":43},"end":{"line":50,"column":1}},"line":38},"3":{"name":"(anonymous_3)","decl":{"start":{"line":53,"column":21},"end":{"line":53,"column":22}},"loc":{"start":{"line":53,"column":47},"end":{"line":69,"column":1}},"line":53},"4":{"name":"(anonymous_4)","decl":{"start":{"line":72,"column":24},"end":{"line":72,"column":25}},"loc":{"start":{"line":72,"column":50},"end":{"line":83,"column":1}},"line":72}},"branchMap":{"0":{"loc":{"start":{"line":26,"column":8},"end":{"line":28,"column":9}},"type":"if","locations":[{"start":{"line":26,"column":8},"end":{"line":28,"column":9}},{"start":{},"end":{}}],"line":26},"1":{"loc":{"start":{"line":62,"column":8},"end":{"line":64,"column":9}},"type":"if","locations":[{"start":{"line":62,"column":8},"end":{"line":64,"column":9}},{"start":{},"end":{}}],"line":62},"2":{"loc":{"start":{"line":76,"column":8},"end":{"line":78,"column":9}},"type":"if","locations":[{"start":{"line":76,"column":8},"end":{"line":78,"column":9}},{"start":{},"end":{}}],"line":76}},"s":{"0":1,"1":1,"2":1,"3":1,"4":1,"5":1,"6":1,"7":1,"8":0,"9":1,"10":2,"11":2,"12":2,"13":2,"14":2,"15":1,"16":1,"17":1,"18":1,"19":1,"20":1,"21":1,"22":1,"23":1,"24":1,"25":0,"26":1,"27":2,"28":2,"29":2,"30":2,"31":2,"32":1,"33":1,"34":1,"35":1,"36":1,"37":1,"38":1,"39":1,"40":0,"41":1,"42":0,"43":1},"f":{"0":1,"1":2,"2":1,"3":2,"4":1},"b":{"0":[1,1],"1":[1,1],"2":[0,1]},"_coverageSchema":"1a1c01bbd47fc00a2c39e90264f33305004495a9","hash":"7693253d2f69dcac487ed5538d9e135c062fe2af"}
,"/home/krisgagne/UMass Global/Biztime/express-biztime/routes/invoices.js": {"path":"/home/krisgagne/UMass Global/Biztime/express-biztime/routes/invoices.js","statementMap":{"0":{"start":{"line":1,"column":16},"end":{"line":1,"column":34}},"1":{"start":{"line":2,"column":15},"end":{"line":2,"column":31}},"2":{"start":{"line":3,"column":11},"end":{"line":3,"column":27}},"3":{"start":{"line":4,"column":21},"end":{"line":4,"column":47}},"4":{"start":{"line":8,"column":0},"end":{"line":15,"column":2}},"5":{"start":{"line":9,"column":4},"end":{"line":14,"column":5}},"6":{"start":{"line":10,"column":24},"end":{"line":10,"column":76}},"7":{"start":{"line":11,"column":8},"end":{"line":11,"column":49}},"8":{"start":{"line":13,"column":8},"end":{"line":13,"column":23}},"9":{"start":{"line":18,"column":0},"end":{"line":52,"column":3}},"10":{"start":{"line":19,"column":4},"end":{"line":51,"column":5}},"11":{"start":{"line":20,"column":23},"end":{"line":20,"column":33}},"12":{"start":{"line":29,"column":24},"end":{"line":32,"column":33}},"13":{"start":{"line":33,"column":8},"end":{"line":35,"column":9}},"14":{"start":{"line":34,"column":12},"end":{"line":34,"column":79}},"15":{"start":{"line":36,"column":24},"end":{"line":47,"column":9}},"16":{"start":{"line":48,"column":8},"end":{"line":48,"column":44}},"17":{"start":{"line":50,"column":8},"end":{"line":50,"column":23}},"18":{"start":{"line":56,"column":0},"end":{"line":70,"column":3}},"19":{"start":{"line":57,"column":4},"end":{"line":69,"column":5}},"20":{"start":{"line":58,"column":33},"end":{"line":58,"column":41}},"21":{"start":{"line":59,"column":24},"end":{"line":65,"column":9}},"22":{"start":{"line":66,"column":8},"end":{"line":66,"column":63}},"23":{"start":{"line":68,"column":8},"end":{"line":68,"column":23}},"24":{"start":{"line":74,"column":0},"end":{"line":145,"column":3}},"25":{"start":{"line":75,"column":4},"end":{"line":144,"column":5}},"26":{"start":{"line":110,"column":26},"end":{"line":110,"column":34}},"27":{"start":{"line":111,"column":17},"end":{"line":111,"column":30}},"28":{"start":{"line":112,"column":23},"end":{"line":112,"column":27}},"29":{"start":{"line":114,"column":27},"end":{"line":118,"column":17}},"30":{"start":{"line":120,"column":8},"end":{"line":122,"column":9}},"31":{"start":{"line":121,"column":10},"end":{"line":121,"column":64}},"32":{"start":{"line":124,"column":29},"end":{"line":124,"column":57}},"33":{"start":{"line":126,"column":8},"end":{"line":132,"column":9}},"34":{"start":{"line":127,"column":10},"end":{"line":127,"column":32}},"35":{"start":{"line":128,"column":15},"end":{"line":132,"column":9}},"36":{"start":{"line":129,"column":10},"end":{"line":129,"column":25}},"37":{"start":{"line":131,"column":10},"end":{"line":131,"column":34}},"38":{"start":{"line":134,"column":23},"end":{"line":139,"column":38}},"39":{"start":{"line":141,"column":8},"end":{"line":141,"column":53}},"40":{"start":{"line":143,"column":8},"end":{"line":143,"column":23}},"41":{"start":{"line":149,"column":0},"end":{"line":160,"column":2}},"42":{"start":{"line":150,"column":4},"end":{"line":159,"column":5}},"43":{"start":{"line":151,"column":23},"end":{"line":151,"column":33}},"44":{"start":{"line":152,"column":24},"end":{"line":152,"column":93}},"45":{"start":{"line":153,"column":8},"end":{"line":155,"column":9}},"46":{"start":{"line":154,"column":12},"end":{"line":154,"column":79}},"47":{"start":{"line":156,"column":8},"end":{"line":156,"column":46}},"48":{"start":{"line":158,"column":8},"end":{"line":158,"column":23}},"49":{"start":{"line":162,"column":0},"end":{"line":162,"column":24}}},"fnMap":{"0":{"name":"(anonymous_0)","decl":{"start":{"line":8,"column":16},"end":{"line":8,"column":17}},"loc":{"start":{"line":8,"column":42},"end":{"line":15,"column":1}},"line":8},"1":{"name":"(anonymous_1)","decl":{"start":{"line":18,"column":19},"end":{"line":18,"column":20}},"loc":{"start":{"line":18,"column":45},"end":{"line":52,"column":1}},"line":18},"2":{"name":"(anonymous_2)","decl":{"start":{"line":56,"column":17},"end":{"line":56,"column":18}},"loc":{"start":{"line":56,"column":43},"end":{"line":70,"column":1}},"line":56},"3":{"name":"(anonymous_3)","decl":{"start":{"line":74,"column":19},"end":{"line":74,"column":20}},"loc":{"start":{"line":74,"column":45},"end":{"line":145,"column":1}},"line":74},"4":{"name":"(anonymous_4)","decl":{"start":{"line":149,"column":22},"end":{"line":149,"column":23}},"loc":{"start":{"line":149,"column":48},"end":{"line":160,"column":1}},"line":149}},"branchMap":{"0":{"loc":{"start":{"line":33,"column":8},"end":{"line":35,"column":9}},"type":"if","locations":[{"start":{"line":33,"column":8},"end":{"line":35,"column":9}},{"start":{},"end":{}}],"line":33},"1":{"loc":{"start":{"line":120,"column":8},"end":{"line":122,"column":9}},"type":"if","locations":[{"start":{"line":120,"column":8},"end":{"line":122,"column":9}},{"start":{},"end":{}}],"line":120},"2":{"loc":{"start":{"line":126,"column":8},"end":{"line":132,"column":9}},"type":"if","locations":[{"start":{"line":126,"column":8},"end":{"line":132,"column":9}},{"start":{"line":128,"column":15},"end":{"line":132,"column":9}}],"line":126},"3":{"loc":{"start":{"line":126,"column":12},"end":{"line":126,"column":33}},"type":"binary-expr","locations":[{"start":{"line":126,"column":12},"end":{"line":126,"column":25}},{"start":{"line":126,"column":29},"end":{"line":126,"column":33}}],"line":126},"4":{"loc":{"start":{"line":128,"column":15},"end":{"line":132,"column":9}},"type":"if","locations":[{"start":{"line":128,"column":15},"end":{"line":132,"column":9}},{"start":{"line":130,"column":15},"end":{"line":132,"column":9}}],"line":128},"5":{"loc":{"start":{"line":153,"column":8},"end":{"line":155,"column":9}},"type":"if","locations":[{"start":{"line":153,"column":8},"end":{"line":155,"column":9}},{"start":{},"end":{}}],"line":153}},"s":{"0":1,"1":1,"2":1,"3":1,"4":1,"5":0,"6":0,"7":0,"8":0,"9":1,"10":0,"11":0,"12":0,"13":0,"14":0,"15":0,"16":0,"17":0,"18":1,"19":0,"20":0,"21":0,"22":0,"23":0,"24":1,"25":0,"26":0,"27":0,"28":0,"29":0,"30":0,"31":0,"32":0,"33":0,"34":0,"35":0,"36":0,"37":0,"38":0,"39":0,"40":0,"41":1,"42":0,"43":0,"44":0,"45":0,"46":0,"47":0,"48":0,"49":1},"f":{"0":0,"1":0,"2":0,"3":0,"4":0},"b":{"0":[0,0],"1":[0,0],"2":[0,0],"3":[0,0],"4":[0,0],"5":[0,0]},"_coverageSchema":"1a1c01bbd47fc00a2c39e90264f33305004495a9","hash":"2d6ff77435847a9f83696781d0c4db99c6852dbc"}
}
