TN:
SF:app.js
FN:21,(anonymous_0)
FN:28,(anonymous_1)
FNF:2
FNH:1
FNDA:0,(anonymous_0)
FNDA:4,(anonymous_1)
DA:4,2
DA:6,2
DA:7,2
DA:10,2
DA:14,2
DA:15,2
DA:16,2
DA:17,2
DA:21,2
DA:22,0
DA:23,0
DA:28,2
DA:29,4
DA:31,4
DA:38,2
LF:15
LH:13
BRDA:29,0,0,4
BRDA:29,0,1,0
BRF:2
BRH:1
end_of_record
TN:
SF:db.js
FNF:0
FNH:0
DA:3,2
DA:6,2
DA:7,2
DA:9,0
DA:12,2
DA:16,2
DA:18,2
LF:7
LH:6
BRDA:6,0,0,2
BRDA:6,0,1,0
BRF:2
BRH:1
end_of_record
TN:
SF:expressError.js
FN:8,(anonymous_0)
FNF:1
FNH:1
FNDA:4,(anonymous_0)
DA:9,4
DA:10,4
DA:11,4
DA:12,4
DA:17,2
LF:5
LH:5
BRF:0
BRH:0
end_of_record
TN:
SF:routes/companies.js
FN:8,(anonymous_0)
FN:18,(anonymous_1)
FN:38,(anonymous_2)
FN:53,(anonymous_3)
FN:72,(anonymous_4)
FNF:5
FNH:5
FNDA:1,(anonymous_0)
FNDA:1,(anonymous_1)
FNDA:1,(anonymous_2)
FNDA:2,(anonymous_3)
FNDA:1,(anonymous_4)
DA:1,2
DA:2,2
DA:3,2
DA:4,2
DA:8,2
DA:9,1
DA:10,1
DA:11,1
DA:13,0
DA:18,2
DA:19,1
DA:20,1
DA:21,1
DA:25,1
DA:26,1
DA:27,1
DA:29,0
DA:30,0
DA:31,0
DA:33,1
DA:38,2
DA:39,1
DA:40,1
DA:41,1
DA:46,1
DA:48,0
DA:53,2
DA:54,2
DA:55,2
DA:56,2
DA:57,2
DA:62,2
DA:63,1
DA:65,1
DA:67,1
DA:72,2
DA:73,1
DA:74,1
DA:75,1
DA:76,1
DA:77,0
DA:79,1
DA:81,0
DA:86,2
LF:44
LH:37
BRDA:26,0,0,1
BRDA:26,0,1,0
BRDA:62,1,0,1
BRDA:62,1,1,1
BRDA:76,2,0,0
BRDA:76,2,1,1
BRF:6
BRH:4
end_of_record
TN:
SF:routes/invoices.js
FN:8,(anonymous_0)
FN:18,(anonymous_1)
FN:56,(anonymous_2)
FN:75,(anonymous_3)
FN:150,(anonymous_4)
FNF:5
FNH:4
FNDA:0,(anonymous_0)
FNDA:1,(anonymous_1)
FNDA:1,(anonymous_2)
FNDA:1,(anonymous_3)
FNDA:1,(anonymous_4)
DA:1,2
DA:2,2
DA:3,2
DA:4,2
DA:8,2
DA:9,0
DA:10,0
DA:11,0
DA:13,0
DA:18,2
DA:19,1
DA:20,1
DA:29,1
DA:33,1
DA:34,1
DA:36,0
DA:48,0
DA:50,1
DA:56,2
DA:57,1
DA:58,1
DA:59,1
DA:66,1
DA:68,0
DA:75,2
DA:76,1
DA:111,1
DA:112,1
DA:113,1
DA:115,1
DA:121,1
DA:122,1
DA:125,0
DA:127,0
DA:128,0
DA:129,0
DA:130,0
DA:132,0
DA:135,0
DA:142,0
DA:144,1
DA:150,2
DA:151,1
DA:152,1
DA:153,1
DA:154,1
DA:155,0
DA:157,1
DA:159,0
DA:163,2
LF:50
LH:33
BRDA:33,0,0,1
BRDA:33,0,1,0
BRDA:121,1,0,1
BRDA:121,1,1,0
BRDA:127,2,0,0
BRDA:127,2,1,0
BRDA:127,3,0,0
BRDA:127,3,1,0
BRDA:129,4,0,0
BRDA:129,4,1,0
BRDA:154,5,0,0
BRDA:154,5,1,1
BRF:12
BRH:3
end_of_record
