TN:
SF:app.js
FN:21,(anonymous_0)
FN:28,(anonymous_1)
FNF:2
FNH:1
FNDA:0,(anonymous_0)
FNDA:2,(anonymous_1)
DA:4,1
DA:6,1
DA:7,1
DA:10,1
DA:14,1
DA:15,1
DA:16,1
DA:17,1
DA:21,1
DA:22,0
DA:23,0
DA:28,1
DA:29,2
DA:31,2
DA:38,1
LF:15
LH:13
BRDA:29,0,0,2
BRDA:29,0,1,0
BRF:2
BRH:1
end_of_record
TN:
SF:db.js
FNF:0
FNH:0
DA:3,1
DA:6,1
DA:7,1
DA:9,0
DA:12,1
DA:16,1
DA:18,1
LF:7
LH:6
BRDA:6,0,0,1
BRDA:6,0,1,0
BRF:2
BRH:1
end_of_record
TN:
SF:expressError.js
FN:8,(anonymous_0)
FNF:1
FNH:1
FNDA:2,(anonymous_0)
DA:9,2
DA:10,2
DA:11,2
DA:12,2
DA:17,1
LF:5
LH:5
BRF:0
BRH:0
end_of_record
TN:
SF:routes/companies.js
FN:8,(anonymous_0)
FN:18,(anonymous_1)
FN:38,(anonymous_2)
FN:53,(anonymous_3)
FN:72,(anonymous_4)
FNF:5
FNH:5
FNDA:1,(anonymous_0)
FNDA:2,(anonymous_1)
FNDA:1,(anonymous_2)
FNDA:2,(anonymous_3)
FNDA:1,(anonymous_4)
DA:1,1
DA:2,1
DA:3,1
DA:4,1
DA:8,1
DA:9,1
DA:10,1
DA:11,1
DA:13,0
DA:18,1
DA:19,2
DA:20,2
DA:21,2
DA:25,2
DA:26,2
DA:27,1
DA:29,1
DA:30,1
DA:31,1
DA:33,1
DA:38,1
DA:39,1
DA:40,1
DA:41,1
DA:46,1
DA:48,0
DA:53,1
DA:54,2
DA:55,2
DA:56,2
DA:57,2
DA:62,2
DA:63,1
DA:65,1
DA:67,1
DA:72,1
DA:73,1
DA:74,1
DA:75,1
DA:76,1
DA:77,0
DA:79,1
DA:81,0
DA:86,1
LF:44
LH:40
BRDA:26,0,0,1
BRDA:26,0,1,1
BRDA:62,1,0,1
BRDA:62,1,1,1
BRDA:76,2,0,0
BRDA:76,2,1,1
BRF:6
BRH:5
end_of_record
TN:
SF:routes/invoices.js
FN:8,(anonymous_0)
FN:18,(anonymous_1)
FN:56,(anonymous_2)
FN:74,(anonymous_3)
FN:149,(anonymous_4)
FNF:5
FNH:0
FNDA:0,(anonymous_0)
FNDA:0,(anonymous_1)
FNDA:0,(anonymous_2)
FNDA:0,(anonymous_3)
FNDA:0,(anonymous_4)
DA:1,1
DA:2,1
DA:3,1
DA:4,1
DA:8,1
DA:9,0
DA:10,0
DA:11,0
DA:13,0
DA:18,1
DA:19,0
DA:20,0
DA:29,0
DA:33,0
DA:34,0
DA:36,0
DA:48,0
DA:50,0
DA:56,1
DA:57,0
DA:58,0
DA:59,0
DA:66,0
DA:68,0
DA:74,1
DA:75,0
DA:110,0
DA:111,0
DA:112,0
DA:114,0
DA:120,0
DA:121,0
DA:124,0
DA:126,0
DA:127,0
DA:128,0
DA:129,0
DA:131,0
DA:134,0
DA:141,0
DA:143,0
DA:149,1
DA:150,0
DA:151,0
DA:152,0
DA:153,0
DA:154,0
DA:156,0
DA:158,0
DA:162,1
LF:50
LH:10
BRDA:33,0,0,0
BRDA:33,0,1,0
BRDA:120,1,0,0
BRDA:120,1,1,0
BRDA:126,2,0,0
BRDA:126,2,1,0
BRDA:126,3,0,0
BRDA:126,3,1,0
BRDA:128,4,0,0
BRDA:128,4,1,0
BRDA:153,5,0,0
BRDA:153,5,1,0
BRF:12
BRH:0
end_of_record
